<?xml version='1.0' encoding='UTF-8' ?>
<testsuite tests="0" failures="0" errors="0" skipped="0" time="1.690659711528E9" timestamp="2023-07-29T19:41:51" hostname="localhost">
  <properties>
    <property name="device" value="Pixel_5_API_30(AVD) - 11" />
    <property name="flavor" value="" />
    <property name="project" value=":app" />
  </properties>
  <system-err>Exception thrown during onBeforeAll invocation of plugin com.google.testing.platform.plugin.android.AndroidDevicePlugin.
Failed to install APK(s): /home/marcos/MEGA/PROYECTOS-NO-TOCAR-NI-MOVER/MiAforoBus/app/build/intermediates/apk/androidTest/debug/app-debug-androidTest.apk
Unknown failure: cmd: Can't find service: package
com.android.ddmlib.InstallException: Unknown failure: cmd: Can't find service: package
	at com.android.ddmlib.internal.DeviceImpl.installRemotePackage(DeviceImpl.java:1376)
	at com.android.ddmlib.internal.DeviceImpl.installPackage(DeviceImpl.java:1202)
	at com.android.tools.utp.plugins.deviceprovider.ddmlib.DdmlibAndroidDevice.installPackage(DdmlibAndroidDevice.kt)
	at com.android.tools.utp.plugins.deviceprovider.ddmlib.DdmlibAndroidDeviceController$executeAsync$deferred$1.invokeSuspend(DdmlibAndroidDeviceController.kt:192)
	at kotlin.coroutines.jvm.internal.BaseContinuationImpl.resumeWith(ContinuationImpl.kt:33)
	at kotlinx.coroutines.DispatchedTask.run(DispatchedTask.kt:106)
	at kotlinx.coroutines.scheduling.CoroutineScheduler.runSafely(CoroutineScheduler.kt:571)
	at kotlinx.coroutines.scheduling.CoroutineScheduler$Worker.executeTask(CoroutineScheduler.kt:750)
	at kotlinx.coroutines.scheduling.CoroutineScheduler$Worker.runWorker(CoroutineScheduler.kt:678)
	at kotlinx.coroutines.scheduling.CoroutineScheduler$Worker.run(CoroutineScheduler.kt:665)

</system-err>
</testsuite>